mobile-app/app/build/outputs/logs/manifest-merger-debug-report.txt
-- Merging decision tree log ---
manifest
ADDED from src\main\AndroidManifest.xml:2:1-40:12
	xmlns:android
		ADDED from src\main\AndroidManifest.xml:2:11-69
	package
		ADDED from src\main\AndroidManifest.xml:3:5-24
		INJECTED from src\main\AndroidManifest.xml
		INJECTED from src\main\AndroidManifest.xml
	android:versionName
		ADDED from src\main\AndroidManifest.xml:5:5-30
		INJECTED from src\main\AndroidManifest.xml
		INJECTED from src\main\AndroidManifest.xml
	android:versionCode
		ADDED from src\main\AndroidManifest.xml:4:5-28
		INJECTED from src\main\AndroidManifest.xml
		INJECTED from src\main\AndroidManifest.xml
uses-permission#android.permission.INTERNET
ADDED from src\main\AndroidManifest.xml:7:5-8:23
	android:name
		ADDED from src\main\AndroidManifest.xml:7:22-64
uses-permission#android.permission.ACCESS_NETWORK_STATE
ADDED from src\main\AndroidManifest.xml:9:5-10:23
	android:name
		ADDED from src\main\AndroidManifest.xml:9:22-76
uses-permission#android.permission.CHANGE_NETWORK_STATE
ADDED from src\main\AndroidManifest.xml:11:5-12:23
	android:name
		ADDED from src\main\AndroidManifest.xml:11:22-76
uses-permission#android.permission.ACCESS_WIFI_STATE
ADDED from src\main\AndroidManifest.xml:13:5-14:23
	android:name
		ADDED from src\main\AndroidManifest.xml:13:22-73
application
ADDED from src\main\AndroidManifest.xml:16:5-38:19
	android:label
		ADDED from src\main\AndroidManifest.xml:18:9-41
	android:icon
		ADDED from src\main\AndroidManifest.xml:17:9-38
activity#com.hanry.Main
ADDED from src\main\AndroidManifest.xml:19:9-27:20
	android:screenOrientation
		ADDED from src\main\AndroidManifest.xml:22:13-50
	android:label
		ADDED from src\main\AndroidManifest.xml:21:13-45
	android:name
		ADDED from src\main\AndroidManifest.xml:20:13-42
intent-filter#android.intent.action.MAIN+android.intent.category.LAUNCHER
ADDED from src\main\AndroidManifest.xml:23:13-26:29
action#android.intent.action.MAIN
ADDED from src\main\AndroidManifest.xml:24:17-69
	android:name
		ADDED from src\main\AndroidManifest.xml:24:25-66
category#android.intent.category.LAUNCHER
ADDED from src\main\AndroidManifest.xml:25:17-77
	android:name
		ADDED from src\main\AndroidManifest.xml:25:27-74
activity#com.hanry.WifiCarSettings
ADDED from src\main\AndroidManifest.xml:28:9-32:20
	android:screenOrientation
		ADDED from src\main\AndroidManifest.xml:31:13-50
	android:label
		ADDED from src\main\AndroidManifest.xml:30:13-69
	android:name
		ADDED from src\main\AndroidManifest.xml:29:13-44
receiver#com.hanry.HanryReceiver
ADDED from src\main\AndroidManifest.xml:33:9-37:14
	android:name
		ADDED from src\main\AndroidManifest.xml:33:19-57
intent-filter#hanry.take_picture_done
ADDED from src\main\AndroidManifest.xml:34:7-36:23
action#hanry.take_picture_done
ADDED from src\main\AndroidManifest.xml:35:11-60
	android:name
		ADDED from src\main\AndroidManifest.xml:35:19-57